{"/Users/siddharthshukla/Downloads/Employee 2/employee_management/app.js": {"path":"/Users/siddharthshukla/Downloads/Employee 2/employee_management/app.js","statementMap":{"0":{"start":{"line":1,"column":16},"end":{"line":1,"column":34}},"1":{"start":{"line":2,"column":13},"end":{"line":2,"column":28}},"2":{"start":{"line":3,"column":23},"end":{"line":3,"column":51}},"3":{"start":{"line":5,"column":12},"end":{"line":5,"column":21}},"4":{"start":{"line":8,"column":0},"end":{"line":8,"column":30}},"5":{"start":{"line":9,"column":0},"end":{"line":9,"column":48}},"6":{"start":{"line":12,"column":0},"end":{"line":12,"column":48}},"7":{"start":{"line":13,"column":0},"end":{"line":13,"column":24}},"8":{"start":{"line":14,"column":0},"end":{"line":14,"column":56}},"9":{"start":{"line":17,"column":0},"end":{"line":17,"column":29}},"10":{"start":{"line":20,"column":0},"end":{"line":23,"column":3}},"11":{"start":{"line":21,"column":2},"end":{"line":21,"column":27}},"12":{"start":{"line":22,"column":2},"end":{"line":22,"column":70}},"13":{"start":{"line":26,"column":0},"end":{"line":28,"column":3}},"14":{"start":{"line":27,"column":2},"end":{"line":27,"column":64}},"15":{"start":{"line":30,"column":0},"end":{"line":30,"column":21}}},"fnMap":{"0":{"name":"(anonymous_0)","decl":{"start":{"line":20,"column":8},"end":{"line":20,"column":9}},"loc":{"start":{"line":20,"column":33},"end":{"line":23,"column":1}},"line":20},"1":{"name":"(anonymous_1)","decl":{"start":{"line":26,"column":8},"end":{"line":26,"column":9}},"loc":{"start":{"line":26,"column":22},"end":{"line":28,"column":1}},"line":26}},"branchMap":{},"s":{"0":1,"1":1,"2":1,"3":1,"4":1,"5":1,"6":1,"7":1,"8":1,"9":1,"10":1,"11":0,"12":0,"13":1,"14":0,"15":1},"f":{"0":0,"1":0},"b":{},"_coverageSchema":"1a1c01bbd47fc00a2c39e90264f33305004495a9","hash":"5013a31daee18a223c8dba3a2a968dac2716c567"}
,"/Users/siddharthshukla/Downloads/Employee 2/employee_management/models/employee.js": {"path":"/Users/siddharthshukla/Downloads/Employee 2/employee_management/models/employee.js","statementMap":{"0":{"start":{"line":1,"column":17},"end":{"line":1,"column":36}},"1":{"start":{"line":3,"column":23},"end":{"line":44,"column":2}},"2":{"start":{"line":47,"column":0},"end":{"line":53,"column":3}},"3":{"start":{"line":48,"column":4},"end":{"line":52,"column":7}},"4":{"start":{"line":56,"column":0},"end":{"line":61,"column":3}},"5":{"start":{"line":57,"column":4},"end":{"line":59,"column":5}},"6":{"start":{"line":58,"column":8},"end":{"line":58,"column":89}},"7":{"start":{"line":60,"column":4},"end":{"line":60,"column":11}},"8":{"start":{"line":64,"column":0},"end":{"line":66,"column":2}},"9":{"start":{"line":65,"column":4},"end":{"line":65,"column":103}},"10":{"start":{"line":69,"column":0},"end":{"line":71,"column":2}},"11":{"start":{"line":70,"column":4},"end":{"line":70,"column":53}},"12":{"start":{"line":73,"column":0},"end":{"line":73,"column":60}}},"fnMap":{"0":{"name":"(anonymous_0)","decl":{"start":{"line":47,"column":48},"end":{"line":47,"column":49}},"loc":{"start":{"line":47,"column":59},"end":{"line":53,"column":1}},"line":47},"1":{"name":"(anonymous_1)","decl":{"start":{"line":56,"column":27},"end":{"line":56,"column":28}},"loc":{"start":{"line":56,"column":42},"end":{"line":61,"column":1}},"line":56},"2":{"name":"(anonymous_2)","decl":{"start":{"line":64,"column":37},"end":{"line":64,"column":38}},"loc":{"start":{"line":64,"column":48},"end":{"line":66,"column":1}},"line":64},"3":{"name":"(anonymous_3)","decl":{"start":{"line":69,"column":42},"end":{"line":69,"column":43}},"loc":{"start":{"line":69,"column":63},"end":{"line":71,"column":1}},"line":69}},"branchMap":{"0":{"loc":{"start":{"line":57,"column":4},"end":{"line":59,"column":5}},"type":"if","locations":[{"start":{"line":57,"column":4},"end":{"line":59,"column":5}},{"start":{},"end":{}}],"line":57},"1":{"loc":{"start":{"line":65,"column":29},"end":{"line":65,"column":59}},"type":"binary-expr","locations":[{"start":{"line":65,"column":29},"end":{"line":65,"column":42}},{"start":{"line":65,"column":46},"end":{"line":65,"column":59}}],"line":65},"2":{"loc":{"start":{"line":65,"column":66},"end":{"line":65,"column":100}},"type":"binary-expr","locations":[{"start":{"line":65,"column":66},"end":{"line":65,"column":81}},{"start":{"line":65,"column":85},"end":{"line":65,"column":100}}],"line":65}},"s":{"0":3,"1":3,"2":3,"3":1,"4":3,"5":1,"6":1,"7":1,"8":3,"9":0,"10":3,"11":0,"12":3},"f":{"0":1,"1":1,"2":0,"3":0},"b":{"0":[1,0],"1":[0,0],"2":[0,0]},"_coverageSchema":"1a1c01bbd47fc00a2c39e90264f33305004495a9","hash":"814149fc6e61d06b7a11f394485bcc0e8e2c6e50"}
,"/Users/siddharthshukla/Downloads/Employee 2/employee_management/routes/employee.js": {"path":"/Users/siddharthshukla/Downloads/Employee 2/employee_management/routes/employee.js","statementMap":{"0":{"start":{"line":1,"column":16},"end":{"line":1,"column":34}},"1":{"start":{"line":2,"column":15},"end":{"line":2,"column":31}},"2":{"start":{"line":3,"column":17},"end":{"line":3,"column":46}},"3":{"start":{"line":5,"column":20},"end":{"line":5,"column":97}},"4":{"start":{"line":8,"column":0},"end":{"line":45,"column":3}},"5":{"start":{"line":9,"column":4},"end":{"line":44,"column":5}},"6":{"start":{"line":10,"column":45},"end":{"line":10,"column":54}},"7":{"start":{"line":11,"column":20},"end":{"line":11,"column":38}},"8":{"start":{"line":13,"column":8},"end":{"line":19,"column":9}},"9":{"start":{"line":14,"column":12},"end":{"line":18,"column":14}},"10":{"start":{"line":21,"column":8},"end":{"line":23,"column":9}},"11":{"start":{"line":22,"column":12},"end":{"line":22,"column":42}},"12":{"start":{"line":25,"column":27},"end":{"line":30,"column":36}},"13":{"start":{"line":32,"column":26},"end":{"line":32,"column":69}},"14":{"start":{"line":34,"column":8},"end":{"line":40,"column":11}},"15":{"start":{"line":42,"column":8},"end":{"line":42,"column":29}},"16":{"start":{"line":43,"column":8},"end":{"line":43,"column":80}},"17":{"start":{"line":48,"column":0},"end":{"line":50,"column":3}},"18":{"start":{"line":49,"column":4},"end":{"line":49,"column":39}},"19":{"start":{"line":53,"column":0},"end":{"line":75,"column":3}},"20":{"start":{"line":54,"column":4},"end":{"line":74,"column":5}},"21":{"start":{"line":55,"column":62},"end":{"line":55,"column":70}},"22":{"start":{"line":57,"column":29},"end":{"line":63,"column":9}},"23":{"start":{"line":65,"column":8},"end":{"line":65,"column":44}},"24":{"start":{"line":66,"column":8},"end":{"line":66,"column":62}},"25":{"start":{"line":68,"column":8},"end":{"line":68,"column":63}},"26":{"start":{"line":69,"column":8},"end":{"line":73,"column":11}},"27":{"start":{"line":78,"column":0},"end":{"line":89,"column":3}},"28":{"start":{"line":79,"column":4},"end":{"line":88,"column":5}},"29":{"start":{"line":80,"column":25},"end":{"line":80,"column":63}},"30":{"start":{"line":81,"column":8},"end":{"line":83,"column":9}},"31":{"start":{"line":82,"column":12},"end":{"line":82,"column":84}},"32":{"start":{"line":84,"column":8},"end":{"line":84,"column":54}},"33":{"start":{"line":86,"column":8},"end":{"line":86,"column":29}},"34":{"start":{"line":87,"column":8},"end":{"line":87,"column":79}},"35":{"start":{"line":92,"column":0},"end":{"line":119,"column":3}},"36":{"start":{"line":93,"column":4},"end":{"line":118,"column":5}},"37":{"start":{"line":94,"column":62},"end":{"line":94,"column":70}},"38":{"start":{"line":96,"column":27},"end":{"line":102,"column":9}},"39":{"start":{"line":104,"column":8},"end":{"line":107,"column":11}},"40":{"start":{"line":109,"column":8},"end":{"line":109,"column":64}},"41":{"start":{"line":111,"column":8},"end":{"line":111,"column":65}},"42":{"start":{"line":112,"column":25},"end":{"line":112,"column":63}},"43":{"start":{"line":113,"column":8},"end":{"line":117,"column":11}},"44":{"start":{"line":122,"column":0},"end":{"line":130,"column":3}},"45":{"start":{"line":123,"column":4},"end":{"line":129,"column":5}},"46":{"start":{"line":124,"column":8},"end":{"line":124,"column":77}},"47":{"start":{"line":125,"column":8},"end":{"line":125,"column":64}},"48":{"start":{"line":127,"column":8},"end":{"line":127,"column":29}},"49":{"start":{"line":128,"column":8},"end":{"line":128,"column":58}},"50":{"start":{"line":133,"column":0},"end":{"line":144,"column":3}},"51":{"start":{"line":134,"column":4},"end":{"line":143,"column":5}},"52":{"start":{"line":135,"column":25},"end":{"line":135,"column":63}},"53":{"start":{"line":136,"column":8},"end":{"line":138,"column":9}},"54":{"start":{"line":137,"column":12},"end":{"line":137,"column":84}},"55":{"start":{"line":139,"column":8},"end":{"line":139,"column":41}},"56":{"start":{"line":141,"column":8},"end":{"line":141,"column":29}},"57":{"start":{"line":142,"column":8},"end":{"line":142,"column":87}},"58":{"start":{"line":147,"column":0},"end":{"line":155,"column":3}},"59":{"start":{"line":148,"column":4},"end":{"line":154,"column":5}},"60":{"start":{"line":149,"column":26},"end":{"line":149,"column":65}},"61":{"start":{"line":150,"column":8},"end":{"line":150,"column":28}},"62":{"start":{"line":152,"column":8},"end":{"line":152,"column":29}},"63":{"start":{"line":153,"column":8},"end":{"line":153,"column":69}},"64":{"start":{"line":157,"column":0},"end":{"line":157,"column":24}}},"fnMap":{"0":{"name":"(anonymous_0)","decl":{"start":{"line":8,"column":16},"end":{"line":8,"column":17}},"loc":{"start":{"line":8,"column":36},"end":{"line":45,"column":1}},"line":8},"1":{"name":"(anonymous_1)","decl":{"start":{"line":48,"column":19},"end":{"line":48,"column":20}},"loc":{"start":{"line":48,"column":33},"end":{"line":50,"column":1}},"line":48},"2":{"name":"(anonymous_2)","decl":{"start":{"line":53,"column":20},"end":{"line":53,"column":21}},"loc":{"start":{"line":53,"column":40},"end":{"line":75,"column":1}},"line":53},"3":{"name":"(anonymous_3)","decl":{"start":{"line":78,"column":24},"end":{"line":78,"column":25}},"loc":{"start":{"line":78,"column":44},"end":{"line":89,"column":1}},"line":78},"4":{"name":"(anonymous_4)","decl":{"start":{"line":92,"column":25},"end":{"line":92,"column":26}},"loc":{"start":{"line":92,"column":45},"end":{"line":119,"column":1}},"line":92},"5":{"name":"(anonymous_5)","decl":{"start":{"line":122,"column":27},"end":{"line":122,"column":28}},"loc":{"start":{"line":122,"column":47},"end":{"line":130,"column":1}},"line":122},"6":{"name":"(anonymous_6)","decl":{"start":{"line":133,"column":24},"end":{"line":133,"column":25}},"loc":{"start":{"line":133,"column":44},"end":{"line":144,"column":1}},"line":133},"7":{"name":"(anonymous_7)","decl":{"start":{"line":147,"column":29},"end":{"line":147,"column":30}},"loc":{"start":{"line":147,"column":49},"end":{"line":155,"column":1}},"line":147}},"branchMap":{"0":{"loc":{"start":{"line":13,"column":8},"end":{"line":19,"column":9}},"type":"if","locations":[{"start":{"line":13,"column":8},"end":{"line":19,"column":9}},{"start":{},"end":{}}],"line":13},"1":{"loc":{"start":{"line":21,"column":8},"end":{"line":23,"column":9}},"type":"if","locations":[{"start":{"line":21,"column":8},"end":{"line":23,"column":9}},{"start":{},"end":{}}],"line":21},"2":{"loc":{"start":{"line":21,"column":12},"end":{"line":21,"column":46}},"type":"binary-expr","locations":[{"start":{"line":21,"column":12},"end":{"line":21,"column":22}},{"start":{"line":21,"column":26},"end":{"line":21,"column":46}}],"line":21},"3":{"loc":{"start":{"line":25,"column":27},"end":{"line":30,"column":36}},"type":"binary-expr","locations":[{"start":{"line":25,"column":27},"end":{"line":30,"column":15}},{"start":{"line":30,"column":19},"end":{"line":30,"column":36}}],"line":25},"4":{"loc":{"start":{"line":37,"column":27},"end":{"line":37,"column":39}},"type":"binary-expr","locations":[{"start":{"line":37,"column":27},"end":{"line":37,"column":33}},{"start":{"line":37,"column":37},"end":{"line":37,"column":39}}],"line":37},"5":{"loc":{"start":{"line":38,"column":31},"end":{"line":38,"column":50}},"type":"binary-expr","locations":[{"start":{"line":38,"column":31},"end":{"line":38,"column":41}},{"start":{"line":38,"column":45},"end":{"line":38,"column":50}}],"line":38},"6":{"loc":{"start":{"line":39,"column":25},"end":{"line":39,"column":42}},"type":"binary-expr","locations":[{"start":{"line":39,"column":25},"end":{"line":39,"column":29}},{"start":{"line":39,"column":33},"end":{"line":39,"column":42}}],"line":39},"7":{"loc":{"start":{"line":59,"column":19},"end":{"line":59,"column":37}},"type":"binary-expr","locations":[{"start":{"line":59,"column":19},"end":{"line":59,"column":24}},{"start":{"line":59,"column":28},"end":{"line":59,"column":37}}],"line":59},"8":{"loc":{"start":{"line":60,"column":22},"end":{"line":60,"column":43}},"type":"binary-expr","locations":[{"start":{"line":60,"column":22},"end":{"line":60,"column":30}},{"start":{"line":60,"column":34},"end":{"line":60,"column":43}}],"line":60},"9":{"loc":{"start":{"line":61,"column":20},"end":{"line":61,"column":59}},"type":"cond-expr","locations":[{"start":{"line":61,"column":29},"end":{"line":61,"column":47}},{"start":{"line":61,"column":50},"end":{"line":61,"column":59}}],"line":61},"10":{"loc":{"start":{"line":62,"column":24},"end":{"line":62,"column":47}},"type":"binary-expr","locations":[{"start":{"line":62,"column":24},"end":{"line":62,"column":34}},{"start":{"line":62,"column":38},"end":{"line":62,"column":47}}],"line":62},"11":{"loc":{"start":{"line":81,"column":8},"end":{"line":83,"column":9}},"type":"if","locations":[{"start":{"line":81,"column":8},"end":{"line":83,"column":9}},{"start":{},"end":{}}],"line":81},"12":{"loc":{"start":{"line":98,"column":19},"end":{"line":98,"column":37}},"type":"binary-expr","locations":[{"start":{"line":98,"column":19},"end":{"line":98,"column":24}},{"start":{"line":98,"column":28},"end":{"line":98,"column":37}}],"line":98},"13":{"loc":{"start":{"line":99,"column":22},"end":{"line":99,"column":43}},"type":"binary-expr","locations":[{"start":{"line":99,"column":22},"end":{"line":99,"column":30}},{"start":{"line":99,"column":34},"end":{"line":99,"column":43}}],"line":99},"14":{"loc":{"start":{"line":100,"column":20},"end":{"line":100,"column":59}},"type":"cond-expr","locations":[{"start":{"line":100,"column":29},"end":{"line":100,"column":47}},{"start":{"line":100,"column":50},"end":{"line":100,"column":59}}],"line":100},"15":{"loc":{"start":{"line":101,"column":24},"end":{"line":101,"column":47}},"type":"binary-expr","locations":[{"start":{"line":101,"column":24},"end":{"line":101,"column":34}},{"start":{"line":101,"column":38},"end":{"line":101,"column":47}}],"line":101},"16":{"loc":{"start":{"line":136,"column":8},"end":{"line":138,"column":9}},"type":"if","locations":[{"start":{"line":136,"column":8},"end":{"line":138,"column":9}},{"start":{},"end":{}}],"line":136}},"s":{"0":1,"1":1,"2":1,"3":1,"4":1,"5":0,"6":0,"7":0,"8":0,"9":0,"10":0,"11":0,"12":0,"13":0,"14":0,"15":0,"16":0,"17":1,"18":0,"19":1,"20":0,"21":0,"22":0,"23":0,"24":0,"25":0,"26":0,"27":1,"28":0,"29":0,"30":0,"31":0,"32":0,"33":0,"34":0,"35":1,"36":0,"37":0,"38":0,"39":0,"40":0,"41":0,"42":0,"43":0,"44":1,"45":0,"46":0,"47":0,"48":0,"49":0,"50":1,"51":0,"52":0,"53":0,"54":0,"55":0,"56":0,"57":0,"58":1,"59":0,"60":0,"61":0,"62":0,"63":0,"64":1},"f":{"0":0,"1":0,"2":0,"3":0,"4":0,"5":0,"6":0,"7":0},"b":{"0":[0,0],"1":[0,0],"2":[0,0],"3":[0,0],"4":[0,0],"5":[0,0],"6":[0,0],"7":[0,0],"8":[0,0],"9":[0,0],"10":[0,0],"11":[0,0],"12":[0,0],"13":[0,0],"14":[0,0],"15":[0,0],"16":[0,0]},"_coverageSchema":"1a1c01bbd47fc00a2c39e90264f33305004495a9","hash":"41955327605b218c54022713e26124807d040b22"}
}
